0 info it worked if it ends with ok
1 verbose cli [ 'C:\\Program Files\\nodejs\\node.exe',
1 verbose cli   'C:\\Program Files\\nodejs\\node_modules\\npm\\bin\\npm-cli.js',
1 verbose cli   'install',
1 verbose cli   '­­global',
1 verbose cli   'gulp' ]
2 info using npm@3.3.12
3 info using node@v5.1.0
4 silly loadCurrentTree Starting
5 silly install loadCurrentTree
6 silly install readLocalPackageData
7 silly fetchPackageMetaData ­­global
8 silly fetchPackageMetaData gulp@^3.9.0
9 silly fetchNamedPackageData gulp
10 silly mapToRegistry name gulp
11 silly mapToRegistry using default registry
12 silly mapToRegistry registry https://registry.npmjs.org/
13 silly mapToRegistry uri https://registry.npmjs.org/gulp
14 silly fetchOtherPackageData ­­global
15 silly cache add args [ '­­global', null ]
16 verbose cache add spec ­­global
17 silly cache add parsed spec Result {
17 silly cache add   raw: '­­global',
17 silly cache add   scope: null,
17 silly cache add   name: null,
17 silly cache add   rawSpec: '­­global',
17 silly cache add   spec: 'C:\\webserver\\pmaxp\\­­global',
17 silly cache add   type: 'local' }
18 error addLocal Could not install C:\webserver\pmaxp\­­global
19 silly fetchPackageMetaData Error: ENOENT: no such file or directory, open 'C:\webserver\pmaxp\­­global'
19 silly fetchPackageMetaData     at Error (native)
19 silly fetchPackageMetaData  error for ­­global { [Error: ENOENT: no such file or directory, open 'C:\webserver\pmaxp\­­global']
19 silly fetchPackageMetaData   errno: -4058,
19 silly fetchPackageMetaData   code: 'ENOENT',
19 silly fetchPackageMetaData   syscall: 'open',
19 silly fetchPackageMetaData   path: 'C:\\webserver\\pmaxp\\­­global' }
20 verbose request uri https://registry.npmjs.org/gulp
21 verbose request no auth needed
22 info attempt registry request try #1 at 21:16:21
23 verbose request id 5cd04bc89c677a20
24 verbose etag "2677XCP86E6T7YNRF1T6NQYWP"
25 http request GET https://registry.npmjs.org/gulp
26 http 200 https://registry.npmjs.org/gulp
27 verbose headers { server: 'CouchDB/1.5.0 (Erlang OTP/R16B03)',
27 verbose headers   etag: '"8STJ5UA3B7WCKOSGF579AUIRG"',
27 verbose headers   'content-type': 'application/json',
27 verbose headers   'cache-control': 'max-age=60',
27 verbose headers   'content-length': '108410',
27 verbose headers   'accept-ranges': 'bytes',
27 verbose headers   date: 'Sun, 06 Dec 2015 18:22:07 GMT',
27 verbose headers   via: '1.1 varnish',
27 verbose headers   age: '33',
27 verbose headers   connection: 'keep-alive',
27 verbose headers   'x-served-by': 'cache-ams4125-AMS',
27 verbose headers   'x-cache': 'HIT',
27 verbose headers   'x-cache-hits': '1',
27 verbose headers   'x-timer': 'S1449426127.055317,VS0,VE0',
27 verbose headers   vary: 'Accept' }
28 silly get cb [ 200,
28 silly get   { server: 'CouchDB/1.5.0 (Erlang OTP/R16B03)',
28 silly get     etag: '"8STJ5UA3B7WCKOSGF579AUIRG"',
28 silly get     'content-type': 'application/json',
28 silly get     'cache-control': 'max-age=60',
28 silly get     'content-length': '108410',
28 silly get     'accept-ranges': 'bytes',
28 silly get     date: 'Sun, 06 Dec 2015 18:22:07 GMT',
28 silly get     via: '1.1 varnish',
28 silly get     age: '33',
28 silly get     connection: 'keep-alive',
28 silly get     'x-served-by': 'cache-ams4125-AMS',
28 silly get     'x-cache': 'HIT',
28 silly get     'x-cache-hits': '1',
28 silly get     'x-timer': 'S1449426127.055317,VS0,VE0',
28 silly get     vary: 'Accept' } ]
29 verbose get saving gulp to C:\Users\Anbel\AppData\Roaming\npm-cache\registry.npmjs.org\gulp\.cache.json
30 silly rollbackFailedOptional Starting
31 silly rollbackFailedOptional Finishing
32 silly runTopLevelLifecycles Starting
33 silly runTopLevelLifecycles Finishing
34 silly install printInstalled
35 verbose stack Error: ENOENT: no such file or directory, open 'C:\webserver\pmaxp\­­global'
35 verbose stack     at Error (native)
36 verbose cwd C:\webserver\pmaxp
37 error Windows_NT 6.1.7601
38 error argv "C:\\Program Files\\nodejs\\node.exe" "C:\\Program Files\\nodejs\\node_modules\\npm\\bin\\npm-cli.js" "install" "­­global" "gulp"
39 error node v5.1.0
40 error npm  v3.3.12
41 error path C:\webserver\pmaxp\­­global
42 error code ENOENT
43 error errno -4058
44 error syscall open
45 error enoent ENOENT: no such file or directory, open 'C:\webserver\pmaxp\­­global'
45 error enoent This is most likely not a problem with npm itself
45 error enoent and is related to npm not being able to find a file.
46 verbose exit [ -4058, true ]
